<?xml version="1.0" encoding="UTF-8"?>
<!-- Generated by org.testng.reporters.JUnitXMLReporter -->
<testsuite hostname="DESKTOP-SKPPPFG" ignored="0" name="CCWithDMSAndLMS CFTRACustomerApprove" tests="5" failures="0" timestamp="2022-05-11T20:27:26 IST" time="458.872" errors="0">
  <testcase name="toQAReviewAfterCustomerReject" time="119.982" classname="com.pss.dms.CCRejectionFlow.QAReviewAfterCustomerReject"/>
  <testcase name="toCFTReviewApprove" time="62.399" classname="com.pss.dms.CCRejectionFlow.CFTReviewApprove"/>
  <testcase name="toRegReviewerApprove" time="59.783" classname="com.pss.dms.CCRejectionFlow.RegReviewerApprove"/>
  <testcase name="toReviewCCCustomerNotification" time="71.651" classname="com.pss.dms.CCRejectionFlow.CustomerNotification"/>
  <testcase name="toCustomerResponse" time="117.586" classname="com.pss.dms.CCRejectionFlow.CustomerResponse"/>
</testsuite> <!-- CCWithDMSAndLMS CFTRACustomerApprove -->
