<?xml version="1.0" encoding="UTF-8"?>
<!-- Generated by org.testng.reporters.JUnitXMLReporter -->
<testsuite hostname="DESKTOP-2TQFBEG" ignored="0" name="CCWithDMS DMS InitiationtoApprove" tests="3" failures="0" timestamp="2022-03-18T19:43:29 IST" time="148.461" errors="0">
  <testcase name="toTerminateDoctInitiate" time="42.267" classname="com.pss.dms.DMSFWD.TerminateDoctInitiate"/>
  <testcase name="toTerminateDeptReviewer" time="43.397" classname="com.pss.dms.DMSFWD.TerminateDeptReviewer"/>
  <testcase name="toTerminateQAApprover" time="46.499" classname="com.pss.dms.DMSFWD.TerminateQAApprover"/>
</testsuite> <!-- CCWithDMS DMS InitiationtoApprove -->
