<?xml version="1.0" encoding="UTF-8"?>
<!-- Generated by org.testng.reporters.JUnitXMLReporter -->
<testsuite hostname="DESKTOP-SKPPPFG" ignored="0" name="CCWithDMS CC InitiationToApprove" tests="9" failures="0" timestamp="2022-05-11T10:57:10 IST" time="1535.43" errors="0">
  <testcase name="toCCInitiation" time="352.077" classname="com.pss.dms.CCFWD.CCInitiation"/>
  <testcase name="toDeptReviewerCC" time="194.872" classname="com.pss.dms.CCFWD.DeptReviewerCC"/>
  <testcase name="toQAReviewerCC" time="216.548" classname="com.pss.dms.CCFWD.QAReviewerCC"/>
  <testcase name="toCFTReviewCC" time="85.85" classname="com.pss.dms.CCFWD.CFTReviewCC"/>
  <testcase name="toRegReviewerCC" time="93.446" classname="com.pss.dms.CCFWD.RegReviewerCC"/>
  <testcase name="toCustomerNotification" time="90.768" classname="com.pss.dms.CCFWD.CustomerNotification"/>
  <testcase name="toCustomerResponse" time="117.558" classname="com.pss.dms.CCFWD.CustomerResponse"/>
  <testcase name="toQAReReviewCC" time="168.317" classname="com.pss.dms.CCFWD.QAReReviewCC"/>
  <testcase name="toQAApproverCC" time="164.658" classname="com.pss.dms.CCFWD.QAApproverCC"/>
</testsuite> <!-- CCWithDMS CC InitiationToApprove -->
