<?xml version="1.0" encoding="UTF-8"?>
<!-- Generated by org.testng.reporters.JUnitXMLReporter -->
<testsuite hostname="DESKTOP-SKPPPFG" ignored="0" name="CCWithDMS CC ClosureReviewtoApprove" tests="2" failures="0" timestamp="2022-05-11T11:37:28 IST" time="218.933" errors="0">
  <testcase name="toCCClosureReview" time="148.018" classname="com.pss.dms.CCFWD.CCclosureReview"/>
  <testcase name="toCCClosureApprove" time="59.399" classname="com.pss.dms.CCFWD.CCclosureApprove"/>
</testsuite> <!-- CCWithDMS CC ClosureReviewtoApprove -->
