<?xml version="1.0" encoding="UTF-8"?>
<!-- Generated by org.testng.reporters.JUnitXMLReporter -->
<testsuite hostname="DESKTOP-SKPPPFG" ignored="0" name="CCWithDMSAndLMS PostApproval Actions Initiate" tests="4" failures="0" timestamp="2022-05-11T20:41:25 IST" time="483.382" errors="0">
  <testcase name="toPostApprovalActionInitiate" time="151.057" classname="com.pss.dms.CCRejectionFlow.PostApprovalActionInitiate"/>
  <testcase name="toPostApprovalActionsReviewReject" time="123.045" classname="com.pss.dms.CCRejectionFlow.PostApprovalActionReviewReject"/>
  <testcase name="toPostApprovalActionsInitiateAfterReject" time="72.492" classname="com.pss.dms.CCRejectionFlow.PostApprovalActionInitiateAfterReject"/>
  <testcase name="toPostApprovalActionReviewApprove" time="115.851" classname="com.pss.dms.CCRejectionFlow.PostApprovalActionReviewApprove"/>
</testsuite> <!-- CCWithDMSAndLMS PostApproval Actions Initiate -->
