<?xml version="1.0" encoding="UTF-8"?>
<!-- Generated by org.testng.reporters.JUnitXMLReporter -->
<testsuite hostname="DESKTOP-SKPPPFG" ignored="0" name="CCWithDMSAndLMS CCClosure ReviewAndApprove" tests="3" failures="3" timestamp="2022-05-11T21:44:44 IST" time="0.449" errors="0">
  <testcase name="toClosureApproveReject" time="0.002" classname="com.pss.dms.CCRejectionFlow.CCclosureApproveRevert">
    <failure type="java.lang.RuntimeException" message="Test skipped due to a detected failure in the overall suite.">
      <![CDATA[java.lang.RuntimeException: Test skipped due to a detected failure in the overall suite.
at com.pss.dms.Listerners.SuiteFailingInvokedMethodListener.beforeInvocation(SuiteFailingInvokedMethodListener.java:17)
at java.util.ArrayList.forEach(ArrayList.java:1257)
... Removed 26 stack frames]]>
    </failure>
  </testcase> <!-- toClosureApproveReject -->
  <testcase name="toCCClosureReview" time="0.004" classname="com.pss.dms.CCRejectionFlow.CCClosureReview">
    <failure type="java.lang.RuntimeException" message="Test skipped due to a detected failure in the overall suite.">
      <![CDATA[java.lang.RuntimeException: Test skipped due to a detected failure in the overall suite.
at com.pss.dms.Listerners.SuiteFailingInvokedMethodListener.beforeInvocation(SuiteFailingInvokedMethodListener.java:17)
at java.util.ArrayList.forEach(ArrayList.java:1257)
... Removed 26 stack frames]]>
    </failure>
  </testcase> <!-- toCCClosureReview -->
  <testcase name="toCCClosureApprove" time="0.003" classname="com.pss.dms.CCRejectionFlow.CCclosureApprove">
    <failure type="java.lang.RuntimeException" message="Test skipped due to a detected failure in the overall suite.">
      <![CDATA[java.lang.RuntimeException: Test skipped due to a detected failure in the overall suite.
at com.pss.dms.Listerners.SuiteFailingInvokedMethodListener.beforeInvocation(SuiteFailingInvokedMethodListener.java:17)
at java.util.ArrayList.forEach(ArrayList.java:1257)
... Removed 26 stack frames]]>
    </failure>
  </testcase> <!-- toCCClosureApprove -->
</testsuite> <!-- CCWithDMSAndLMS CCClosure ReviewAndApprove -->
