<?xml version="1.0" encoding="UTF-8"?>
<!-- Generated by org.testng.reporters.JUnitXMLReporter -->
<testsuite hostname="DESKTOP-SKPPPFG" ignored="0" name="CCWithDMSAndLMS PostApproval Actions Review" tests="3" failures="0" timestamp="2022-05-11T20:46:41 IST" time="315.281" errors="0">
  <testcase name="toPostApprovalActionApprovalReject" time="65.316" classname="com.pss.dms.CCRejectionFlow.PostApprovalActionApprovalReject"/>
  <testcase name="toPostApprovalActionReviewApprove" time="115.639" classname="com.pss.dms.CCRejectionFlow.PostApprovalActionReviewApprove"/>
  <testcase name="toPostApprovalActionApproval" time="117.899" classname="com.pss.dms.CCRejectionFlow.PostApprovalActionApproval"/>
</testsuite> <!-- CCWithDMSAndLMS PostApproval Actions Review -->
