<?xml version="1.0" encoding="UTF-8"?>
<!-- Generated by org.testng.reporters.JUnitXMLReporter -->
<testsuite hostname="DESKTOP-SKPPPFG" ignored="0" name="CCWithDMSAndLMS CFTRACustomerReject" tests="5" failures="0" timestamp="2022-05-11T20:19:47 IST" time="426.154" errors="0">
  <testcase name="toQAReviewAfterCFTReject" time="141.039" classname="com.pss.dms.CCRejectionFlow.QAReviewAfterCFTReject"/>
  <testcase name="toCFTReviewApprove" time="61.945" classname="com.pss.dms.CCRejectionFlow.CFTReviewApprove"/>
  <testcase name="toRegReviewerApprove" time="61.333" classname="com.pss.dms.CCRejectionFlow.RegReviewerApprove"/>
  <testcase name="toReviewCCCustomerNotification" time="71.552" classname="com.pss.dms.CCRejectionFlow.CustomerNotification"/>
  <testcase name="toReviewCCCustomerResponseReject" time="63.73" classname="com.pss.dms.CCRejectionFlow.CustomerResponseReject"/>
</testsuite> <!-- CCWithDMSAndLMS CFTRACustomerReject -->
