<?xml version="1.0" encoding="UTF-8"?>
<!-- Generated by org.testng.reporters.JUnitXMLReporter -->
<testsuite hostname="DESKTOP-SKPPPFG" ignored="0" name="CCWithDMSAndLMS QAApprover" tests="4" failures="0" timestamp="2022-05-11T20:33:22 IST" time="355.587" errors="0">
  <testcase name="toQAReviewWithoutCFT" time="97.485" classname="com.pss.dms.CCRejectionFlow.QAReviewWithOutCFT"/>
  <testcase name="toQAApproveReject" time="79.791" classname="com.pss.dms.CCRejectionFlow.QAApproverReject"/>
  <testcase name="toQAReviewAfterApproveReject" time="78.469" classname="com.pss.dms.CCRejectionFlow.QAReviewAfterApproveReject"/>
  <testcase name="toQAApprover" time="78.558" classname="com.pss.dms.CCRejectionFlow.QAApprover"/>
</testsuite> <!-- CCWithDMSAndLMS QAApprover -->
