<?xml version="1.0" encoding="UTF-8"?>
<!-- Generated by org.testng.reporters.JUnitXMLReporter -->
<testsuite hostname="DESKTOP-SKPPPFG" ignored="0" name="CCWithDMSAndLMS Initiation to DHod" tests="4" failures="0" timestamp="2022-05-11T20:00:21 IST" time="706.086" errors="0">
  <testcase name="toCCInitiation" time="352.771" classname="com.pss.dms.CCRejectionFlow.CCInitiation"/>
  <testcase name="toDeptReviewerReject" time="65.297" classname="com.pss.dms.CCRejectionFlow.DeptReviewerReject"/>
  <testcase name="toReInitiateDocument" time="75.92" classname="com.pss.dms.CCRejectionFlow.ReInitiateDocument"/>
  <testcase name="toDeptReviewerApprove" time="190.114" classname="com.pss.dms.CCRejectionFlow.DeptReviewerApprove"/>
</testsuite> <!-- CCWithDMSAndLMS Initiation to DHod -->
