<?xml version="1.0" encoding="UTF-8"?>
<!-- Generated by org.testng.reporters.JUnitXMLReporter -->
<testsuite hostname="DESKTOP-SKPPPFG" ignored="0" name="CCWithDMSAndLMS CFT and RA Reject" tests="4" failures="0" timestamp="2022-05-11T20:12:41 IST" time="356.987" errors="0">
  <testcase name="toCFTReviewReject" time="57.97" classname="com.pss.dms.CCRejectionFlow.CFTReviewReject"/>
  <testcase name="toQAReviewAfterCFTReject" time="140.867" classname="com.pss.dms.CCRejectionFlow.QAReviewAfterCFTReject"/>
  <testcase name="toCFTReviewApprove" time="62.727" classname="com.pss.dms.CCRejectionFlow.CFTReviewApprove"/>
  <testcase name="toRegReviewerReject" time="73.89" classname="com.pss.dms.CCRejectionFlow.RegReviewerReject"/>
</testsuite> <!-- CCWithDMSAndLMS CFT and RA Reject -->
