<?xml version="1.0" encoding="UTF-8"?>
<!-- Generated by org.testng.reporters.JUnitXMLReporter -->
<testsuite hostname="DESKTOP-SKPPPFG" ignored="0" name="CCWithDMSAndLMS ActionItemReviewAndApprove" tests="4" failures="4" timestamp="2022-05-11T21:44:44 IST" time="0.595" errors="0">
  <testcase name="toActionItemPerformAfterReject" time="0.002" classname="com.pss.dms.CCRejectionFlow.ActionItemPerformAfterReject">
    <failure type="java.lang.RuntimeException" message="Test skipped due to a detected failure in the overall suite.">
      <![CDATA[java.lang.RuntimeException: Test skipped due to a detected failure in the overall suite.
at com.pss.dms.Listerners.SuiteFailingInvokedMethodListener.beforeInvocation(SuiteFailingInvokedMethodListener.java:17)
at java.util.ArrayList.forEach(ArrayList.java:1257)
... Removed 26 stack frames]]>
    </failure>
  </testcase> <!-- toActionItemPerformAfterReject -->
  <testcase name="toActionItemReview" time="0.002" classname="com.pss.dms.CCRejectionFlow.ActionItemReview">
    <failure type="java.lang.RuntimeException" message="Test skipped due to a detected failure in the overall suite.">
      <![CDATA[java.lang.RuntimeException: Test skipped due to a detected failure in the overall suite.
at com.pss.dms.Listerners.SuiteFailingInvokedMethodListener.beforeInvocation(SuiteFailingInvokedMethodListener.java:17)
at java.util.ArrayList.forEach(ArrayList.java:1257)
... Removed 26 stack frames]]>
    </failure>
  </testcase> <!-- toActionItemReview -->
  <testcase name="toActionItemApprove" time="0.001" classname="com.pss.dms.CCRejectionFlow.ActionItemApprove">
    <failure type="java.lang.RuntimeException" message="Test skipped due to a detected failure in the overall suite.">
      <![CDATA[java.lang.RuntimeException: Test skipped due to a detected failure in the overall suite.
at com.pss.dms.Listerners.SuiteFailingInvokedMethodListener.beforeInvocation(SuiteFailingInvokedMethodListener.java:17)
at java.util.ArrayList.forEach(ArrayList.java:1257)
... Removed 26 stack frames]]>
    </failure>
  </testcase> <!-- toActionItemApprove -->
  <testcase name="toCCClosureReview" time="0.001" classname="com.pss.dms.CCRejectionFlow.CCClosureReview">
    <failure type="java.lang.RuntimeException" message="Test skipped due to a detected failure in the overall suite.">
      <![CDATA[java.lang.RuntimeException: Test skipped due to a detected failure in the overall suite.
at com.pss.dms.Listerners.SuiteFailingInvokedMethodListener.beforeInvocation(SuiteFailingInvokedMethodListener.java:17)
at java.util.ArrayList.forEach(ArrayList.java:1257)
... Removed 26 stack frames]]>
    </failure>
  </testcase> <!-- toCCClosureReview -->
</testsuite> <!-- CCWithDMSAndLMS ActionItemReviewAndApprove -->
