<?xml version="1.0" encoding="UTF-8"?>
<!-- Generated by org.testng.reporters.JUnitXMLReporter -->
<testsuite hostname="DESKTOP-SKPPPFG" ignored="0" name="CCWithDMS CC AIPerformToApprove" tests="3" failures="0" timestamp="2022-05-11T11:33:49 IST" time="244.115" errors="0">
  <testcase name="toActionItemPerform" time="94.475" classname="com.pss.dms.CCFWD.ActionItemPerform"/>
  <testcase name="toActionItemReview" time="72.757" classname="com.pss.dms.CCFWD.ActionItemReview"/>
  <testcase name="toActionItemApprove" time="60.508" classname="com.pss.dms.CCFWD.ActionItemApprove"/>
</testsuite> <!-- CCWithDMS CC AIPerformToApprove -->
