<?xml version="1.0" encoding="UTF-8"?>
<!-- Generated by org.testng.reporters.JUnitXMLReporter -->
<testsuite hostname="DESKTOP-SKPPPFG" ignored="0" name="CCWithDMSAndLMS QAReviewer" tests="4" failures="0" timestamp="2022-05-11T20:06:44 IST" time="383.413" errors="0">
  <testcase name="toQAReviewReject" time="56.898" classname="com.pss.dms.CCRejectionFlow.QAReviewReject"/>
  <testcase name="toReInitiateDocument" time="75.732" classname="com.pss.dms.CCRejectionFlow.ReInitiateDocument"/>
  <testcase name="toDeptReReview" time="79.866" classname="com.pss.dms.CCRejectionFlow.DeptReReview"/>
  <testcase name="toQAReviewApproveAfterReject" time="149.608" classname="com.pss.dms.CCRejectionFlow.QAReviewApproveAfterReject"/>
</testsuite> <!-- CCWithDMSAndLMS QAReviewer -->
