<?xml version="1.0" encoding="UTF-8"?>
<!-- Generated by org.testng.reporters.JUnitXMLReporter -->
<testsuite hostname="DESKTOP-SKPPPFG" ignored="0" name="CCWithDMS CC PostApprovalAction InitiateToApprove" tests="3" failures="0" timestamp="2022-05-11T11:06:05 IST" time="534.622" errors="0">
  <testcase name="toPostApprovalActionInitiate" time="179.368" classname="com.pss.dms.CCFWD.PostApprovalActionInitiate"/>
  <testcase name="toPostApprovalActionReview" time="221.075" classname="com.pss.dms.CCFWD.PostApprovalActionReview"/>
  <testcase name="toPostApprovalActionApproval" time="116.972" classname="com.pss.dms.CCFWD.PostApprovalActionApproval"/>
</testsuite> <!-- CCWithDMS CC PostApprovalAction InitiateToApprove -->
