<?xml version="1.0" encoding="UTF-8"?>
<!-- Generated by org.testng.reporters.JUnitXMLReporter -->
<testsuite hostname="DESKTOP-SKPPPFG" ignored="2" name="DMS Properties File Update" tests="2" failures="0" timestamp="2022-05-11T19:48:34 IST" time="0.547" errors="0">
  <testcase name="NewDocument" time="0.166" classname="com.pss.dms.PropertiesFileUpdate.UpdateDMSProperties"/>
  <testcase name="ScheduleName" time="0.168" classname="com.pss.dms.PropertiesFileUpdate.UpdateDMSProperties"/>
  <testcase name="ChangeDocument" time="0.0" classname="com.pss.dms.PropertiesFileUpdate.UpdateDMSProperties">
    <ignored/>
  </testcase> <!-- ChangeDocument -->
  <testcase name="TerminateDocument" time="0.0" classname="com.pss.dms.PropertiesFileUpdate.UpdateDMSProperties">
    <ignored/>
  </testcase> <!-- TerminateDocument -->
</testsuite> <!-- DMS Properties File Update -->
