<?xml version="1.0" encoding="UTF-8"?>
<!-- Generated by org.testng.reporters.JUnitXMLReporter -->
<testsuite hostname="DESKTOP-SKPPPFG" ignored="0" name="DMSWithLMS Doc Initiate to Modify Trainer" tests="10" failures="0" timestamp="2022-05-11T11:18:43 IST" time="757.608" errors="0">
  <testcase name="toNewDocumentInitiation" time="147.271" classname="com.pss.dms.DMSFWD.NewDocumentInitiation"/>
  <testcase name="toDMSDeptReviewer" time="48.383" classname="com.pss.dms.DMSFWD.DMSDeptReviewer"/>
  <testcase name="toDMSQAReviewer" time="38.32" classname="com.pss.dms.DMSFWD.DMSQAReviewer"/>
  <testcase name="toDMSCFTReviewer" time="50.393" classname="com.pss.dms.DMSFWD.DMSCFTReviewer"/>
  <testcase name="toDMSQAApprover" time="63.159" classname="com.pss.dms.DMSFWD.DMSQAApprover"/>
  <testcase name="toDMSCQAApprover" time="58.555" classname="com.pss.dms.DMSFWD.DMSCQAApprover"/>
  <testcase name="toDMSTrainingNotificationList" time="43.213" classname="com.pss.dms.DMSFWD.DMSTrainingNotificatiomList"/>
  <testcase name="toCreateTopic" time="55.066" classname="com.pss.dms.LMSFWD.CreateTopic"/>
  <testcase name="toCeateTopicQuestions" time="121.286" classname="com.pss.dms.LMSFWD.CreateTopicQuestions"/>
  <testcase name="toModifyTrainer" time="75.225" classname="com.pss.dms.LMSFWD.ModifyTrainer"/>
</testsuite> <!-- DMSWithLMS Doc Initiate to Modify Trainer -->
