<?xml version="1.0" encoding="UTF-8"?>
<!-- Generated by org.testng.reporters.JUnitXMLReporter -->
<testsuite hostname="DESKTOP-SKPPPFG" ignored="0" name="DMSWithLMS4" tests="21" failures="8" timestamp="2022-05-11T21:44:42 IST" time="1024.728" errors="0">
  <testcase name="toDMSCQAApproverReject" time="84.771" classname="com.pss.dms.DMSRejectionFlow.DMSCQAApproverReject"/>
  <testcase name="toDMSReInitiateDocument" time="74.585" classname="com.pss.dms.DMSRejectionFlow.DMSReInitiateDocument"/>
  <testcase name="toDMSDeptReviewerSOP" time="35.658" classname="com.pss.dms.DMSRejectionFlow.DMSDeptReviewer"/>
  <testcase name="toDMSQAReviewerSOP" time="49.285" classname="com.pss.dms.DMSRejectionFlow.DMSQAReviewer"/>
  <testcase name="toDMScftReviewerSOP" time="32.55" classname="com.pss.dms.DMSRejectionFlow.DMScftReviewer"/>
  <testcase name="toDMSQAApprover" time="58.326" classname="com.pss.dms.DMSRejectionFlow.DMSQAApprover"/>
  <testcase name="toDMSCQAApprover" time="53.838" classname="com.pss.dms.DMSRejectionFlow.DMSCQAApprover"/>
  <testcase name="toDMSTrainingNotificationList" time="50.332" classname="com.pss.dms.DMSRejectionFlow.DMSTrainingNotificatiomList"/>
  <testcase name="toCreateTopic" time="51.415" classname="com.pss.dms.LMSRejectionFlow.CreateTopic"/>
  <testcase name="toCeateTopicQuestions" time="107.287" classname="com.pss.dms.LMSRejectionFlow.CreateTopicQuestions"/>
  <testcase name="toModifyTrainer" time="73.091" classname="com.pss.dms.LMSRejectionFlow.ModifyTrainer"/>
  <testcase name="toAdhocSchedule" time="162.334" classname="com.pss.dms.LMSRejectionFlow.AdhocSchedule"/>
  <testcase name="toAdhocScheduleRevert" time="37.602" classname="com.pss.dms.LMSRejectionFlow.AdhocScheduleRevert"/>
  <testcase name="toAdhocSchedule" time="76.341" classname="com.pss.dms.LMSRejectionFlow.AdhocReSchedule">
    <failure type="org.openqa.selenium.UnhandledAlertException" message="unexpected alert open: {Alert text : Error-Submission Failed sggg}
  (Session info: chrome=101.0.4951.54): Error-Submission Failed sggg
Build info: version: &amp;apos;3.141.59&amp;apos;, revision: &amp;apos;e82be7d358&amp;apos;, time: &amp;apos;2018-11-14T08:17:03&amp;apos;
System info: host: &amp;apos;DESKTOP-SKPPPFG&amp;apos;, ip: &amp;apos;192.168.0.100&amp;apos;, os.name: &amp;apos;Windows 10&amp;apos;, os.arch: &amp;apos;amd64&amp;apos;, os.version: &amp;apos;10.0&amp;apos;, java.version: &amp;apos;1.8.0_221&amp;apos;
Driver info: org.openqa.selenium.chrome.ChromeDriver
Capabilities {acceptInsecureCerts: false, browserName: chrome, browserVersion: 101.0.4951.54, chrome: {chromedriverVersion: 101.0.4951.41 (93c720db8323..., userDataDir: C:\Users\Hi\AppData\Local\T...}, goog:chromeOptions: {debuggerAddress: localhost:56496}, javascriptEnabled: true, networkConnectionEnabled: false, pageLoadStrategy: normal, platform: WINDOWS, platformName: WINDOWS, proxy: Proxy(), setWindowRect: true, strictFileInteractability: false, timeouts: {implicit: 0, pageLoad: 300000, script: 30000}, unhandledPromptBehavior: dismiss and notify, webauthn:extension:credBlob: true, webauthn:extension:largeBlob: true, webauthn:virtualAuthenticators: true}
Session ID: 249f595c1f40db2b4b40dde7cdeb3302
*** Element info: {Using=class name, value=modal-btn}">
      <![CDATA[org.openqa.selenium.UnhandledAlertException: unexpected alert open: {Alert text : Error-Submission Failed sggg}
  (Session info: chrome=101.0.4951.54): Error-Submission Failed sggg
Build info: version: '3.141.59', revision: 'e82be7d358', time: '2018-11-14T08:17:03'
System info: host: 'DESKTOP-SKPPPFG', ip: '192.168.0.100', os.name: 'Windows 10', os.arch: 'amd64', os.version: '10.0', java.version: '1.8.0_221'
Driver info: org.openqa.selenium.chrome.ChromeDriver
Capabilities {acceptInsecureCerts: false, browserName: chrome, browserVersion: 101.0.4951.54, chrome: {chromedriverVersion: 101.0.4951.41 (93c720db8323..., userDataDir: C:\Users\Hi\AppData\Local\T...}, goog:chromeOptions: {debuggerAddress: localhost:56496}, javascriptEnabled: true, networkConnectionEnabled: false, pageLoadStrategy: normal, platform: WINDOWS, platformName: WINDOWS, proxy: Proxy(), setWindowRect: true, strictFileInteractability: false, timeouts: {implicit: 0, pageLoad: 300000, script: 30000}, unhandledPromptBehavior: dismiss and notify, webauthn:extension:credBlob: true, webauthn:extension:largeBlob: true, webauthn:virtualAuthenticators: true}
Session ID: 249f595c1f40db2b4b40dde7cdeb3302
*** Element info: {Using=class name, value=modal-btn}
at org.openqa.selenium.remote.http.W3CHttpResponseCodec.decode(W3CHttpResponseCodec.java:120)
at org.openqa.selenium.remote.http.W3CHttpResponseCodec.decode(W3CHttpResponseCodec.java:49)
at org.openqa.selenium.remote.HttpCommandExecutor.execute(HttpCommandExecutor.java:158)
at org.openqa.selenium.remote.service.DriverCommandExecutor.execute(DriverCommandExecutor.java:83)
at org.openqa.selenium.remote.RemoteWebDriver.execute(RemoteWebDriver.java:552)
at org.openqa.selenium.remote.RemoteWebDriver.findElement(RemoteWebDriver.java:323)
at org.openqa.selenium.remote.RemoteWebDriver.findElementByClassName(RemoteWebDriver.java:412)
at org.openqa.selenium.By$ByClassName.findElement(By.java:389)
at org.openqa.selenium.remote.RemoteWebDriver.findElement(RemoteWebDriver.java:315)
at org.openqa.selenium.support.ui.ExpectedConditions$6.apply(ExpectedConditions.java:182)
at org.openqa.selenium.support.ui.ExpectedConditions$6.apply(ExpectedConditions.java:179)
at org.openqa.selenium.support.ui.FluentWait.until(FluentWait.java:249)
at com.pss.dms.LMSRejectionFlow.AdhocReSchedule.methodToCreateAdhocSchedule(AdhocReSchedule.java:186)
at com.pss.dms.LMSRejectionFlow.AdhocReSchedule.toAdhocSchedule(AdhocReSchedule.java:86)
at java.util.ArrayList.forEach(ArrayList.java:1257)
... Removed 27 stack frames]]>
    </failure>
  </testcase> <!-- toAdhocSchedule -->
  <testcase name="toAdhocScheduleApproval" time="0.008" classname="com.pss.dms.LMSRejectionFlow.AdhocScheduleApproval">
    <failure type="java.lang.RuntimeException" message="Test skipped due to a detected failure in the overall suite.">
      <![CDATA[java.lang.RuntimeException: Test skipped due to a detected failure in the overall suite.
at com.pss.dms.Listerners.SuiteFailingInvokedMethodListener.beforeInvocation(SuiteFailingInvokedMethodListener.java:17)
at java.util.ArrayList.forEach(ArrayList.java:1257)
... Removed 26 stack frames]]>
    </failure>
  </testcase> <!-- toAdhocScheduleApproval -->
  <testcase name="createAssignTrainerAndVenue" time="0.005" classname="com.pss.dms.LMSRejectionFlow.AssignTrainerAndVenue">
    <failure type="java.lang.RuntimeException" message="Test skipped due to a detected failure in the overall suite.">
      <![CDATA[java.lang.RuntimeException: Test skipped due to a detected failure in the overall suite.
at com.pss.dms.Listerners.SuiteFailingInvokedMethodListener.beforeInvocation(SuiteFailingInvokedMethodListener.java:17)
at java.util.ArrayList.forEach(ArrayList.java:1257)
... Removed 26 stack frames]]>
    </failure>
  </testcase> <!-- createAssignTrainerAndVenue -->
  <testcase name="toTrainingAttendence" time="0.007" classname="com.pss.dms.LMSRejectionFlow.TrainingAttendence">
    <failure type="java.lang.RuntimeException" message="Test skipped due to a detected failure in the overall suite.">
      <![CDATA[java.lang.RuntimeException: Test skipped due to a detected failure in the overall suite.
at com.pss.dms.Listerners.SuiteFailingInvokedMethodListener.beforeInvocation(SuiteFailingInvokedMethodListener.java:17)
at java.util.ArrayList.forEach(ArrayList.java:1257)
... Removed 26 stack frames]]>
    </failure>
  </testcase> <!-- toTrainingAttendence -->
  <testcase name="toQuestionPaper" time="0.003" classname="com.pss.dms.LMSRejectionFlow.QuestionPaper">
    <failure type="java.lang.RuntimeException" message="Test skipped due to a detected failure in the overall suite.">
      <![CDATA[java.lang.RuntimeException: Test skipped due to a detected failure in the overall suite.
at com.pss.dms.Listerners.SuiteFailingInvokedMethodListener.beforeInvocation(SuiteFailingInvokedMethodListener.java:17)
at java.util.ArrayList.forEach(ArrayList.java:1257)
... Removed 26 stack frames]]>
    </failure>
  </testcase> <!-- toQuestionPaper -->
  <testcase name="toEvaluateQuestions" time="0.005" classname="com.pss.dms.LMSRejectionFlow.EvaluateQuestions">
    <failure type="java.lang.RuntimeException" message="Test skipped due to a detected failure in the overall suite.">
      <![CDATA[java.lang.RuntimeException: Test skipped due to a detected failure in the overall suite.
at com.pss.dms.Listerners.SuiteFailingInvokedMethodListener.beforeInvocation(SuiteFailingInvokedMethodListener.java:17)
at java.util.ArrayList.forEach(ArrayList.java:1257)
... Removed 26 stack frames]]>
    </failure>
  </testcase> <!-- toEvaluateQuestions -->
  <testcase name="toNotifyDocController" time="0.003" classname="com.pss.dms.LMSRejectionFlow.NotifyDocController">
    <failure type="java.lang.RuntimeException" message="Test skipped due to a detected failure in the overall suite.">
      <![CDATA[java.lang.RuntimeException: Test skipped due to a detected failure in the overall suite.
at com.pss.dms.Listerners.SuiteFailingInvokedMethodListener.beforeInvocation(SuiteFailingInvokedMethodListener.java:17)
at java.util.ArrayList.forEach(ArrayList.java:1257)
... Removed 26 stack frames]]>
    </failure>
  </testcase> <!-- toNotifyDocController -->
  <testcase name="toTrainingCompletedList" time="0.002" classname="com.pss.dms.DMSRejectionFlow.TrainingCompletedList">
    <failure type="java.lang.RuntimeException" message="Test skipped due to a detected failure in the overall suite.">
      <![CDATA[java.lang.RuntimeException: Test skipped due to a detected failure in the overall suite.
at com.pss.dms.Listerners.SuiteFailingInvokedMethodListener.beforeInvocation(SuiteFailingInvokedMethodListener.java:17)
at java.util.ArrayList.forEach(ArrayList.java:1257)
... Removed 26 stack frames]]>
    </failure>
  </testcase> <!-- toTrainingCompletedList -->
</testsuite> <!-- DMSWithLMS4 -->
