<?xml version="1.0" encoding="UTF-8"?>
<!-- Generated by org.testng.reporters.JUnitXMLReporter -->
<testsuite hostname="DESKTOP-2TQFBEG" ignored="0" name="DMSWithLMS5" tests="5" failures="0" timestamp="2022-03-18T14:52:32 IST" time="451.944" errors="0">
  <testcase name="toAdhocSchedule" time="167.313" classname="com.pss.dms.LMSRejectionFlow.AdhocSchedule"/>
  <testcase name="toAdhocScheduleRevert" time="36.359" classname="com.pss.dms.LMSRejectionFlow.AdhocScheduleRevert"/>
  <testcase name="toAdhocSchedule" time="86.15" classname="com.pss.dms.LMSRejectionFlow.AdhocReSchedule"/>
  <testcase name="toAdhocScheduleApproval" time="42.462" classname="com.pss.dms.LMSRejectionFlow.AdhocScheduleApproval"/>
  <testcase name="createAssignTrainerAndVenue" time="92.722" classname="com.pss.dms.LMSRejectionFlow.AssignTrainerAndVenue"/>
</testsuite> <!-- DMSWithLMS5 -->
