<?xml version="1.0" encoding="UTF-8"?>
<!-- Generated by org.testng.reporters.JUnitXMLReporter -->
<testsuite hostname="DESKTOP-SKPPPFG" ignored="0" name="DMSWithLMS3" tests="3" failures="0" timestamp="2022-05-11T21:27:38 IST" time="158.081" errors="0">
  <testcase name="toDMSQAReviewerSOP" time="50.05" classname="com.pss.dms.DMSRejectionFlow.DMSQAReviewer"/>
  <testcase name="toDMScftReviewerSOP" time="31.959" classname="com.pss.dms.DMSRejectionFlow.DMScftReviewer"/>
  <testcase name="toDMSQAApprover" time="58.545" classname="com.pss.dms.DMSRejectionFlow.DMSQAApprover"/>
</testsuite> <!-- DMSWithLMS3 -->
