<?xml version="1.0" encoding="UTF-8"?>
<!-- Generated by org.testng.reporters.JUnitXMLReporter -->
<testsuite hostname="DESKTOP-SKPPPFG" ignored="0" name="DMSWithLMS1" tests="4" failures="0" timestamp="2022-05-11T21:00:18 IST" time="266.022" errors="0">
  <testcase name="toDMSReInitiateDocument" time="74.054" classname="com.pss.dms.DMSRejectionFlow.DMSReInitiateDocument"/>
  <testcase name="toDMSDeptReviewerSOP" time="36.102" classname="com.pss.dms.DMSRejectionFlow.DMSDeptReviewer"/>
  <testcase name="toDMSQAReviewerSOP" time="48.858" classname="com.pss.dms.DMSRejectionFlow.DMSQAReviewer"/>
  <testcase name="toDMScftReviewerRejectSOP" time="84.814" classname="com.pss.dms.DMSRejectionFlow.DMScftReviewerReject"/>
</testsuite> <!-- DMSWithLMS1 -->
