<?xml version="1.0" encoding="UTF-8"?>
<!-- Generated by org.testng.reporters.JUnitXMLReporter -->
<testsuite hostname="DESKTOP-SKPPPFG" ignored="0" name="DMSWithLMS Adhoc Shedule to Training Completed" tests="8" failures="0" timestamp="2022-05-11T11:29:45 IST" time="662.14" errors="0">
  <testcase name="toAdhocSchedule" time="172.305" classname="com.pss.dms.LMSFWD.AdhocSchedule"/>
  <testcase name="toAdhocScheduleApproval" time="43.522" classname="com.pss.dms.LMSFWD.AdhocScheduleApproval"/>
  <testcase name="createAssignTrainerAndVenue" time="94.248" classname="com.pss.dms.LMSFWD.AssignTrainerAndVenue"/>
  <testcase name="toTrainingAttendence" time="45.794" classname="com.pss.dms.LMSFWD.TrainingAttendence"/>
  <testcase name="toQuestionPaper" time="48.597" classname="com.pss.dms.LMSFWD.QuestionPaper"/>
  <testcase name="toEvaluateQuestions" time="52.887" classname="com.pss.dms.LMSFWD.EvaluateQuestions"/>
  <testcase name="toNotifyDocController" time="69.389" classname="com.pss.dms.LMSFWD.NotifyDocController"/>
  <testcase name="toTrainingCompletedList" time="92.436" classname="com.pss.dms.DMSFWD.TrainingCompletedList"/>
</testsuite> <!-- DMSWithLMS Adhoc Shedule to Training Completed -->
