<?xml version="1.0" encoding="UTF-8"?>
<!-- Generated by org.testng.reporters.JUnitXMLReporter -->
<testsuite hostname="DESKTOP-SKPPPFG" ignored="0" name="DMSWithLMS2" tests="4" failures="0" timestamp="2022-05-11T21:03:53 IST" time="215.517" errors="0">
  <testcase name="toDMSReInitiateDocument" time="74.927" classname="com.pss.dms.DMSRejectionFlow.DMSReInitiateDocument"/>
  <testcase name="toDMSDeptReviewerSOP" time="35.557" classname="com.pss.dms.DMSRejectionFlow.DMSDeptReviewer"/>
  <testcase name="toDMSQAReviewerSOP" time="49.3" classname="com.pss.dms.DMSRejectionFlow.DMSQAReviewer"/>
  <testcase name="toDMScftReviewerSOP" time="32.848" classname="com.pss.dms.DMSRejectionFlow.DMScftReviewer"/>
</testsuite> <!-- DMSWithLMS2 -->
