<?xml version="1.0" encoding="UTF-8"?>
<!-- Generated by org.testng.reporters.JUnitXMLReporter -->
<testsuite hostname="DESKTOP-SKPPPFG" ignored="0" name="DMSWithLMS" tests="5" failures="0" timestamp="2022-05-11T20:55:51 IST" time="550.632" errors="0">
  <testcase name="toDMSNewDocumentInitiateSOP" time="276.698" classname="com.pss.dms.DMSRejectionFlow.DMSNewDocumentInitiate"/>
  <testcase name="toDMSDeptReviewerRejectSOP" time="63.483" classname="com.pss.dms.DMSRejectionFlow.DMSDeptReviewerReject"/>
  <testcase name="toDMSReInitiateDocument" time="74.574" classname="com.pss.dms.DMSRejectionFlow.DMSReInitiateDocument"/>
  <testcase name="toDMSDeptReviewerSOP" time="35.703" classname="com.pss.dms.DMSRejectionFlow.DMSDeptReviewer"/>
  <testcase name="toDMSQAReviewerReject" time="73.291" classname="com.pss.dms.DMSRejectionFlow.DMSQAReviewerReject"/>
</testsuite> <!-- DMSWithLMS -->
