<?xml version="1.0" encoding="UTF-8"?>
<!-- Generated by org.testng.reporters.JUnitXMLReporter -->
<testsuite hostname="DESKTOP-2TQFBEG" ignored="0" name="DMSWithLMS6" tests="6" failures="0" timestamp="2022-03-18T14:58:26 IST" time="353.712" errors="0">
  <testcase name="toMyTrainings" time="64.468" classname="com.pss.dms.LMSRejectionFlow.MyTrainings"/>
  <testcase name="toTrainingAttendence" time="44.24" classname="com.pss.dms.LMSRejectionFlow.TrainingAttendence"/>
  <testcase name="toQuestionPaper" time="77.106" classname="com.pss.dms.LMSRejectionFlow.QuestionPaper"/>
  <testcase name="toEvaluateQuestions" time="13.536" classname="com.pss.dms.LMSRejectionFlow.EvaluateQuestions"/>
  <testcase name="toNotifyDocController" time="63.0" classname="com.pss.dms.LMSRejectionFlow.NotifyDocController"/>
  <testcase name="toTrainingCompletedList" time="58.838" classname="com.pss.dms.DMSRejectionFlow.TrainingCompletedList"/>
</testsuite> <!-- DMSWithLMS6 -->
