<?xml version="1.0" encoding="UTF-8"?>
<testng-results skipped="0" failed="0" ignored="0" total="1" passed="1">
  <reporter-output>
  </reporter-output>
  <suite name="com.mycompany_QMSProject_jar_1.0-SNAPSHOT" duration-ms="108" started-at="2022-06-04T22:27:42 IST" finished-at="2022-06-04T22:27:42 IST">
    <groups>
    </groups>
    <test name="URLUpdateinPropertiesfile" duration-ms="108" started-at="2022-06-04T22:27:42 IST" finished-at="2022-06-04T22:27:42 IST">
      <class name="com.pss.dms.PropertiesFileUpdate.UpdateURLinPropertiesFile">
        <test-method status="PASS" signature="main(java.lang.String, java.lang.String, java.lang.String, java.lang.String, java.lang.String)[pri:0, instance:com.pss.dms.PropertiesFileUpdate.UpdateURLinPropertiesFile@5e25a92e]" name="main" duration-ms="75" started-at="2022-06-04T22:27:42 IST" finished-at="2022-06-04T22:27:42 IST">
          <params>
            <param index="0">
              <value>
                <![CDATA[http://192.168.0.100:8096/ADMIN]]>
              </value>
            </param>
            <param index="1">
              <value>
                <![CDATA[http://192.168.0.100:8097/DMS]]>
              </value>
            </param>
            <param index="2">
              <value>
                <![CDATA[http://192.168.0.101:8098/QMS]]>
              </value>
            </param>
            <param index="3">
              <value>
                <![CDATA[http://192.168.0.100:8097/LMS]]>
              </value>
            </param>
            <param index="4">
              <value>
                <![CDATA[http://192.168.0.100:8096/REGISTRATION/Login.do]]>
              </value>
            </param>
          </params>
          <reporter-output>
          </reporter-output>
        </test-method> <!-- main -->
      </class> <!-- com.pss.dms.PropertiesFileUpdate.UpdateURLinPropertiesFile -->
    </test> <!-- URLUpdateinPropertiesfile -->
  </suite> <!-- com.mycompany_QMSProject_jar_1.0-SNAPSHOT -->
</testng-results>
